c:\users\calum\source\repos\potf-13th-attempt\potf-13th-attempt\x64\debug\vc143.pdb
c:\users\calum\source\repos\potf-13th-attempt\potf-13th-attempt\x64\debug\vc143.idb
c:\users\calum\source\repos\potf-13th-attempt\potf-13th-attempt\x64\debug\mainmenu.obj
c:\users\calum\source\repos\potf-13th-attempt\potf-13th-attempt\x64\debug\main.obj
c:\users\calum\source\repos\potf-13th-attempt\potf-13th-attempt\x64\debug\pausemenu.obj
c:\users\calum\source\repos\potf-13th-attempt\potf-13th-attempt\x64\debug\gameworld.obj
c:\users\calum\source\repos\potf-13th-attempt\potf-13th-attempt\x64\debug\player.obj
c:\users\calum\source\repos\potf-13th-attempt\potf-13th-attempt\x64\debug\potf-13th-attempt.ilk
c:\users\calum\source\repos\potf-13th-attempt\potf-13th-attempt\x64\debug\player.obj.enc
c:\users\calum\source\repos\potf-13th-attempt\x64\debug\potf-13th-attempt.pdb
c:\users\calum\source\repos\potf-13th-attempt\potf-13th-attempt\x64\debug\potf-13t.ef72bcb3.tlog\cl.command.1.tlog
c:\users\calum\source\repos\potf-13th-attempt\potf-13th-attempt\x64\debug\potf-13t.ef72bcb3.tlog\cl.items.tlog
c:\users\calum\source\repos\potf-13th-attempt\potf-13th-attempt\x64\debug\potf-13t.ef72bcb3.tlog\cl.read.1.tlog
c:\users\calum\source\repos\potf-13th-attempt\potf-13th-attempt\x64\debug\potf-13t.ef72bcb3.tlog\cl.write.1.tlog
c:\users\calum\source\repos\potf-13th-attempt\potf-13th-attempt\x64\debug\potf-13t.ef72bcb3.tlog\link-cvtres.read.1.tlog
c:\users\calum\source\repos\potf-13th-attempt\potf-13th-attempt\x64\debug\potf-13t.ef72bcb3.tlog\link-cvtres.write.1.tlog
c:\users\calum\source\repos\potf-13th-attempt\potf-13th-attempt\x64\debug\potf-13t.ef72bcb3.tlog\link-rc.read.1.tlog
c:\users\calum\source\repos\potf-13th-attempt\potf-13th-attempt\x64\debug\potf-13t.ef72bcb3.tlog\link-rc.write.1.tlog
c:\users\calum\source\repos\potf-13th-attempt\potf-13th-attempt\x64\debug\potf-13t.ef72bcb3.tlog\link.11892-cvtres.read.1.tlog
c:\users\calum\source\repos\potf-13th-attempt\potf-13th-attempt\x64\debug\potf-13t.ef72bcb3.tlog\link.11892-cvtres.write.1.tlog
c:\users\calum\source\repos\potf-13th-attempt\potf-13th-attempt\x64\debug\potf-13t.ef72bcb3.tlog\link.11892-rc.read.1.tlog
c:\users\calum\source\repos\potf-13th-attempt\potf-13th-attempt\x64\debug\potf-13t.ef72bcb3.tlog\link.11892-rc.write.1.tlog
c:\users\calum\source\repos\potf-13th-attempt\potf-13th-attempt\x64\debug\potf-13t.ef72bcb3.tlog\link.11892.read.1.tlog
c:\users\calum\source\repos\potf-13th-attempt\potf-13th-attempt\x64\debug\potf-13t.ef72bcb3.tlog\link.11892.read.2.tlog
c:\users\calum\source\repos\potf-13th-attempt\potf-13th-attempt\x64\debug\potf-13t.ef72bcb3.tlog\link.11892.read.3.tlog
c:\users\calum\source\repos\potf-13th-attempt\potf-13th-attempt\x64\debug\potf-13t.ef72bcb3.tlog\link.11892.read.4.tlog
c:\users\calum\source\repos\potf-13th-attempt\potf-13th-attempt\x64\debug\potf-13t.ef72bcb3.tlog\link.11892.write.1.tlog
c:\users\calum\source\repos\potf-13th-attempt\potf-13th-attempt\x64\debug\potf-13t.ef72bcb3.tlog\link.command.1.tlog
c:\users\calum\source\repos\potf-13th-attempt\potf-13th-attempt\x64\debug\potf-13t.ef72bcb3.tlog\link.read.1.tlog
c:\users\calum\source\repos\potf-13th-attempt\potf-13th-attempt\x64\debug\potf-13t.ef72bcb3.tlog\link.read.2.tlog
c:\users\calum\source\repos\potf-13th-attempt\potf-13th-attempt\x64\debug\potf-13t.ef72bcb3.tlog\link.read.3.tlog
c:\users\calum\source\repos\potf-13th-attempt\potf-13th-attempt\x64\debug\potf-13t.ef72bcb3.tlog\link.read.4.tlog
c:\users\calum\source\repos\potf-13th-attempt\potf-13th-attempt\x64\debug\potf-13t.ef72bcb3.tlog\link.secondary.1.tlog
c:\users\calum\source\repos\potf-13th-attempt\potf-13th-attempt\x64\debug\potf-13t.ef72bcb3.tlog\link.write.1.tlog
